{"/home/huyen/Desktop/Code/React/CoderPushTest/tinder-clone/server/src/user/user.controller.ts": {"path":"/home/huyen/Desktop/Code/React/CoderPushTest/tinder-clone/server/src/user/user.controller.ts","statementMap":{"0":{"start":{"line":1,"column":0},"end":{"line":1,"column":68}},"1":{"start":{"line":2,"column":0},"end":{"line":2,"column":56}},"2":{"start":{"line":3,"column":0},"end":{"line":3,"column":59}},"3":{"start":{"line":4,"column":0},"end":{"line":4,"column":59}},"4":{"start":{"line":5,"column":0},"end":{"line":5,"column":45}},"5":{"start":{"line":9,"column":0},"end":{"line":35,"column":null}},"6":{"start":{"line":10,"column":31},"end":{"line":10,"column":44}},"7":{"start":{"line":15,"column":4},"end":{"line":15,"column":44}},"8":{"start":{"line":21,"column":4},"end":{"line":21,"column":46}},"9":{"start":{"line":27,"column":4},"end":{"line":27,"column":68}},"10":{"start":{"line":33,"column":4},"end":{"line":33,"column":68}},"11":{"start":{"line":14,"column":2},"end":{"line":16,"column":null}},"12":{"start":{"line":20,"column":2},"end":{"line":22,"column":null}},"13":{"start":{"line":26,"column":2},"end":{"line":28,"column":null}},"14":{"start":{"line":32,"column":2},"end":{"line":34,"column":null}},"15":{"start":{"line":9,"column":13},"end":{"line":35,"column":null}},"16":{"start":{"line":9,"column":13},"end":{"line":9,"column":27}}},"fnMap":{"0":{"name":"(anonymous_4)","decl":{"start":{"line":10,"column":2},"end":{"line":10,"column":31}},"loc":{"start":{"line":10,"column":55},"end":{"line":10,"column":59}}},"1":{"name":"(anonymous_5)","decl":{"start":{"line":14,"column":2},"end":{"line":14,"column":7}},"loc":{"start":{"line":14,"column":15},"end":{"line":16,"column":3}}},"2":{"name":"(anonymous_6)","decl":{"start":{"line":20,"column":2},"end":{"line":20,"column":7}},"loc":{"start":{"line":20,"column":39},"end":{"line":22,"column":3}}},"3":{"name":"(anonymous_7)","decl":{"start":{"line":26,"column":2},"end":{"line":26,"column":7}},"loc":{"start":{"line":26,"column":64},"end":{"line":28,"column":3}}},"4":{"name":"(anonymous_8)","decl":{"start":{"line":32,"column":2},"end":{"line":32,"column":7}},"loc":{"start":{"line":32,"column":65},"end":{"line":34,"column":3}}}},"branchMap":{},"s":{"0":1,"1":1,"2":1,"3":1,"4":1,"5":1,"6":5,"7":1,"8":1,"9":1,"10":1,"11":1,"12":1,"13":1,"14":1,"15":1,"16":1},"f":{"0":5,"1":1,"2":1,"3":1,"4":1},"b":{}}
,"/home/huyen/Desktop/Code/React/CoderPushTest/tinder-clone/server/src/user/user.service.ts": {"path":"/home/huyen/Desktop/Code/React/CoderPushTest/tinder-clone/server/src/user/user.service.ts","statementMap":{"0":{"start":{"line":1,"column":0},"end":{"line":1,"column":null}},"1":{"start":{"line":6,"column":0},"end":{"line":6,"column":51}},"2":{"start":{"line":7,"column":0},"end":{"line":7,"column":29}},"3":{"start":{"line":8,"column":0},"end":{"line":8,"column":26}},"4":{"start":{"line":13,"column":0},"end":{"line":13,"column":62}},"5":{"start":{"line":14,"column":0},"end":{"line":14,"column":63}},"6":{"start":{"line":15,"column":0},"end":{"line":15,"column":62}},"7":{"start":{"line":18,"column":0},"end":{"line":158,"column":null}},"8":{"start":{"line":21,"column":12},"end":{"line":21,"column":28}},"9":{"start":{"line":24,"column":12},"end":{"line":24,"column":28}},"10":{"start":{"line":27,"column":12},"end":{"line":27,"column":28}},"11":{"start":{"line":30,"column":4},"end":{"line":35,"column":null}},"12":{"start":{"line":31,"column":27},"end":{"line":31,"column":69}},"13":{"start":{"line":32,"column":6},"end":{"line":32,"column":68}},"14":{"start":{"line":32,"column":25},"end":{"line":32,"column":68}},"15":{"start":{"line":34,"column":6},"end":{"line":34,"column":14}},"16":{"start":{"line":39,"column":4},"end":{"line":78,"column":null}},"17":{"start":{"line":40,"column":20},"end":{"line":49,"column":8}},"18":{"start":{"line":51,"column":6},"end":{"line":73,"column":null}},"19":{"start":{"line":52,"column":29},"end":{"line":52,"column":52}},"20":{"start":{"line":53,"column":8},"end":{"line":72,"column":null}},"21":{"start":{"line":54,"column":10},"end":{"line":56,"column":12}},"22":{"start":{"line":58,"column":29},"end":{"line":69,"column":12}},"23":{"start":{"line":59,"column":35},"end":{"line":59,"column":64}},"24":{"start":{"line":60,"column":12},"end":{"line":60,"column":40}},"25":{"start":{"line":61,"column":12},"end":{"line":68,"column":14}},"26":{"start":{"line":70,"column":41},"end":{"line":70,"column":70}},"27":{"start":{"line":71,"column":10},"end":{"line":71,"column":25}},"28":{"start":{"line":75,"column":6},"end":{"line":75,"column":19}},"29":{"start":{"line":77,"column":6},"end":{"line":77,"column":14}},"30":{"start":{"line":82,"column":4},"end":{"line":88,"column":null}},"31":{"start":{"line":83,"column":19},"end":{"line":83,"column":56}},"32":{"start":{"line":84,"column":6},"end":{"line":84,"column":63}},"33":{"start":{"line":84,"column":17},"end":{"line":84,"column":63}},"34":{"start":{"line":85,"column":6},"end":{"line":85,"column":18}},"35":{"start":{"line":87,"column":6},"end":{"line":87,"column":14}},"36":{"start":{"line":92,"column":36},"end":{"line":92,"column":53}},"37":{"start":{"line":93,"column":22},"end":{"line":93,"column":63}},"38":{"start":{"line":94,"column":4},"end":{"line":113,"column":null}},"39":{"start":{"line":95,"column":6},"end":{"line":98,"column":null}},"40":{"start":{"line":96,"column":8},"end":{"line":96,"column":48}},"41":{"start":{"line":97,"column":8},"end":{"line":97,"column":31}},"42":{"start":{"line":99,"column":6},"end":{"line":101,"column":9}},"43":{"start":{"line":103,"column":19},"end":{"line":103,"column":60}},"44":{"start":{"line":104,"column":6},"end":{"line":104,"column":63}},"45":{"start":{"line":104,"column":17},"end":{"line":104,"column":63}},"46":{"start":{"line":105,"column":27},"end":{"line":106,"column":null}},"47":{"start":{"line":108,"column":6},"end":{"line":108,"column":35}},"48":{"start":{"line":109,"column":6},"end":{"line":109,"column":24}},"49":{"start":{"line":110,"column":6},"end":{"line":112,"column":9}},"50":{"start":{"line":117,"column":37},"end":{"line":117,"column":54}},"51":{"start":{"line":118,"column":23},"end":{"line":118,"column":64}},"52":{"start":{"line":119,"column":4},"end":{"line":138,"column":null}},"53":{"start":{"line":120,"column":6},"end":{"line":123,"column":null}},"54":{"start":{"line":121,"column":8},"end":{"line":121,"column":51}},"55":{"start":{"line":122,"column":8},"end":{"line":122,"column":32}},"56":{"start":{"line":124,"column":6},"end":{"line":126,"column":9}},"57":{"start":{"line":128,"column":19},"end":{"line":128,"column":60}},"58":{"start":{"line":129,"column":6},"end":{"line":129,"column":63}},"59":{"start":{"line":129,"column":17},"end":{"line":129,"column":63}},"60":{"start":{"line":130,"column":28},"end":{"line":131,"column":null}},"61":{"start":{"line":133,"column":6},"end":{"line":133,"column":36}},"62":{"start":{"line":134,"column":6},"end":{"line":134,"column":24}},"63":{"start":{"line":135,"column":6},"end":{"line":137,"column":9}},"64":{"start":{"line":143,"column":17},"end":{"line":147,"column":6}},"65":{"start":{"line":148,"column":4},"end":{"line":148,"column":21}},"66":{"start":{"line":151,"column":17},"end":{"line":155,"column":6}},"67":{"start":{"line":156,"column":4},"end":{"line":156,"column":26}},"68":{"start":{"line":18,"column":13},"end":{"line":158,"column":null}},"69":{"start":{"line":18,"column":13},"end":{"line":18,"column":24}}},"fnMap":{"0":{"name":"(anonymous_4)","decl":{"start":{"line":19,"column":2},"end":{"line":19,"column":null}},"loc":{"start":{"line":27,"column":42},"end":{"line":28,"column":6}}},"1":{"name":"(anonymous_5)","decl":{"start":{"line":29,"column":2},"end":{"line":29,"column":7}},"loc":{"start":{"line":29,"column":25},"end":{"line":36,"column":3}}},"2":{"name":"(anonymous_6)","decl":{"start":{"line":38,"column":2},"end":{"line":38,"column":7}},"loc":{"start":{"line":38,"column":15},"end":{"line":79,"column":3}}},"3":{"name":"(anonymous_7)","decl":{"start":{"line":58,"column":46},"end":{"line":58,"column":51}},"loc":{"start":{"line":58,"column":74},"end":{"line":69,"column":11}}},"4":{"name":"(anonymous_8)","decl":{"start":{"line":81,"column":2},"end":{"line":81,"column":7}},"loc":{"start":{"line":81,"column":26},"end":{"line":89,"column":3}}},"5":{"name":"(anonymous_9)","decl":{"start":{"line":91,"column":2},"end":{"line":91,"column":7}},"loc":{"start":{"line":91,"column":55},"end":{"line":114,"column":3}}},"6":{"name":"(anonymous_10)","decl":{"start":{"line":116,"column":2},"end":{"line":116,"column":7}},"loc":{"start":{"line":116,"column":55},"end":{"line":139,"column":3}}},"7":{"name":"(anonymous_11)","decl":{"start":{"line":142,"column":2},"end":{"line":142,"column":7}},"loc":{"start":{"line":142,"column":28},"end":{"line":149,"column":3}}},"8":{"name":"(anonymous_12)","decl":{"start":{"line":150,"column":2},"end":{"line":150,"column":7}},"loc":{"start":{"line":150,"column":18},"end":{"line":157,"column":3}}}},"branchMap":{"0":{"loc":{"start":{"line":32,"column":6},"end":{"line":32,"column":68}},"type":"if","locations":[{"start":{"line":32,"column":6},"end":{"line":32,"column":68}}]},"1":{"loc":{"start":{"line":51,"column":6},"end":{"line":73,"column":null}},"type":"if","locations":[{"start":{"line":51,"column":6},"end":{"line":73,"column":null}}]},"2":{"loc":{"start":{"line":53,"column":8},"end":{"line":72,"column":null}},"type":"if","locations":[{"start":{"line":53,"column":8},"end":{"line":72,"column":null}},{"start":{"line":57,"column":13},"end":{"line":72,"column":null}}]},"3":{"loc":{"start":{"line":84,"column":6},"end":{"line":84,"column":63}},"type":"if","locations":[{"start":{"line":84,"column":6},"end":{"line":84,"column":63}}]},"4":{"loc":{"start":{"line":94,"column":4},"end":{"line":113,"column":null}},"type":"if","locations":[{"start":{"line":94,"column":4},"end":{"line":113,"column":null}},{"start":{"line":102,"column":11},"end":{"line":113,"column":null}}]},"5":{"loc":{"start":{"line":95,"column":6},"end":{"line":98,"column":null}},"type":"if","locations":[{"start":{"line":95,"column":6},"end":{"line":98,"column":null}}]},"6":{"loc":{"start":{"line":104,"column":6},"end":{"line":104,"column":63}},"type":"if","locations":[{"start":{"line":104,"column":6},"end":{"line":104,"column":63}}]},"7":{"loc":{"start":{"line":119,"column":4},"end":{"line":138,"column":null}},"type":"if","locations":[{"start":{"line":119,"column":4},"end":{"line":138,"column":null}},{"start":{"line":127,"column":11},"end":{"line":138,"column":null}}]},"8":{"loc":{"start":{"line":120,"column":6},"end":{"line":123,"column":null}},"type":"if","locations":[{"start":{"line":120,"column":6},"end":{"line":123,"column":null}}]},"9":{"loc":{"start":{"line":129,"column":6},"end":{"line":129,"column":63}},"type":"if","locations":[{"start":{"line":129,"column":6},"end":{"line":129,"column":63}}]}},"s":{"0":2,"1":2,"2":2,"3":2,"4":2,"5":2,"6":2,"7":2,"8":19,"9":19,"10":19,"11":4,"12":4,"13":4,"14":2,"15":0,"16":3,"17":3,"18":3,"19":2,"20":2,"21":1,"22":1,"23":1,"24":1,"25":1,"26":1,"27":1,"28":1,"29":1,"30":2,"31":2,"32":2,"33":1,"34":1,"35":1,"36":5,"37":5,"38":5,"39":3,"40":1,"41":1,"42":3,"43":2,"44":2,"45":1,"46":1,"47":1,"48":1,"49":1,"50":5,"51":5,"52":5,"53":3,"54":1,"55":1,"56":3,"57":2,"58":2,"59":1,"60":1,"61":1,"62":1,"63":1,"64":0,"65":0,"66":0,"67":0,"68":2,"69":2},"f":{"0":19,"1":4,"2":3,"3":1,"4":2,"5":5,"6":5,"7":0,"8":0},"b":{"0":[2],"1":[2],"2":[1,1],"3":[1],"4":[3,2],"5":[1],"6":[1],"7":[3,2],"8":[1],"9":[1]}}
,"/home/huyen/Desktop/Code/React/CoderPushTest/tinder-clone/server/src/user/dto/update-like-user.dto.ts": {"path":"/home/huyen/Desktop/Code/React/CoderPushTest/tinder-clone/server/src/user/dto/update-like-user.dto.ts","statementMap":{"0":{"start":{"line":1,"column":0},"end":{"line":1,"column":46}},"1":{"start":{"line":2,"column":0},"end":{"line":2,"column":43}},"2":{"start":{"line":7,"column":2},"end":{"line":7,"column":null}},"3":{"start":{"line":14,"column":2},"end":{"line":14,"column":null}},"4":{"start":{"line":4,"column":0},"end":{"line":4,"column":13}}},"fnMap":{},"branchMap":{},"s":{"0":1,"1":1,"2":1,"3":1,"4":1},"f":{},"b":{}}
,"/home/huyen/Desktop/Code/React/CoderPushTest/tinder-clone/server/src/user/dto/update-pass-user.dto.ts": {"path":"/home/huyen/Desktop/Code/React/CoderPushTest/tinder-clone/server/src/user/dto/update-pass-user.dto.ts","statementMap":{"0":{"start":{"line":1,"column":0},"end":{"line":1,"column":46}},"1":{"start":{"line":2,"column":0},"end":{"line":2,"column":43}},"2":{"start":{"line":7,"column":2},"end":{"line":7,"column":null}},"3":{"start":{"line":14,"column":2},"end":{"line":14,"column":null}},"4":{"start":{"line":4,"column":0},"end":{"line":4,"column":13}}},"fnMap":{},"branchMap":{},"s":{"0":1,"1":1,"2":1,"3":1,"4":1},"f":{},"b":{}}
,"/home/huyen/Desktop/Code/React/CoderPushTest/tinder-clone/server/src/user/entities/like.entity.ts": {"path":"/home/huyen/Desktop/Code/React/CoderPushTest/tinder-clone/server/src/user/entities/like.entity.ts","statementMap":{"0":{"start":{"line":1,"column":0},"end":{"line":1,"column":78}},"1":{"start":{"line":2,"column":0},"end":{"line":2,"column":37}},"2":{"start":{"line":5,"column":0},"end":{"line":14,"column":null}},"3":{"start":{"line":7,"column":2},"end":{"line":7,"column":null}},"4":{"start":{"line":10,"column":2},"end":{"line":10,"column":null}},"5":{"start":{"line":13,"column":2},"end":{"line":13,"column":null}},"6":{"start":{"line":12,"column":18},"end":{"line":12,"column":22}},"7":{"start":{"line":12,"column":34},"end":{"line":12,"column":47}},"8":{"start":{"line":5,"column":13},"end":{"line":14,"column":null}},"9":{"start":{"line":5,"column":13},"end":{"line":5,"column":17}}},"fnMap":{"0":{"name":"(anonymous_2)","decl":{"start":{"line":12,"column":12},"end":{"line":12,"column":15}},"loc":{"start":{"line":12,"column":18},"end":{"line":12,"column":22}}},"1":{"name":"(anonymous_3)","decl":{"start":{"line":12,"column":24},"end":{"line":12,"column":25}},"loc":{"start":{"line":12,"column":34},"end":{"line":12,"column":47}}}},"branchMap":{},"s":{"0":2,"1":2,"2":2,"3":2,"4":2,"5":2,"6":0,"7":0,"8":2,"9":2},"f":{"0":0,"1":0},"b":{}}
,"/home/huyen/Desktop/Code/React/CoderPushTest/tinder-clone/server/src/user/entities/pass.entity.ts": {"path":"/home/huyen/Desktop/Code/React/CoderPushTest/tinder-clone/server/src/user/entities/pass.entity.ts","statementMap":{"0":{"start":{"line":1,"column":0},"end":{"line":1,"column":78}},"1":{"start":{"line":2,"column":0},"end":{"line":2,"column":37}},"2":{"start":{"line":5,"column":0},"end":{"line":14,"column":null}},"3":{"start":{"line":7,"column":2},"end":{"line":7,"column":null}},"4":{"start":{"line":10,"column":2},"end":{"line":10,"column":null}},"5":{"start":{"line":13,"column":2},"end":{"line":13,"column":null}},"6":{"start":{"line":12,"column":18},"end":{"line":12,"column":22}},"7":{"start":{"line":12,"column":34},"end":{"line":12,"column":47}},"8":{"start":{"line":5,"column":13},"end":{"line":14,"column":null}},"9":{"start":{"line":5,"column":13},"end":{"line":5,"column":17}}},"fnMap":{"0":{"name":"(anonymous_2)","decl":{"start":{"line":12,"column":12},"end":{"line":12,"column":15}},"loc":{"start":{"line":12,"column":18},"end":{"line":12,"column":22}}},"1":{"name":"(anonymous_3)","decl":{"start":{"line":12,"column":24},"end":{"line":12,"column":25}},"loc":{"start":{"line":12,"column":34},"end":{"line":12,"column":47}}}},"branchMap":{},"s":{"0":2,"1":2,"2":2,"3":2,"4":2,"5":2,"6":0,"7":0,"8":2,"9":2},"f":{"0":0,"1":0},"b":{}}
,"/home/huyen/Desktop/Code/React/CoderPushTest/tinder-clone/server/src/user/entities/user.entity.ts": {"path":"/home/huyen/Desktop/Code/React/CoderPushTest/tinder-clone/server/src/user/entities/user.entity.ts","statementMap":{"0":{"start":{"line":1,"column":0},"end":{"line":1,"column":null}},"1":{"start":{"line":10,"column":0},"end":{"line":10,"column":37}},"2":{"start":{"line":11,"column":0},"end":{"line":11,"column":37}},"3":{"start":{"line":14,"column":0},"end":{"line":55,"column":null}},"4":{"start":{"line":16,"column":2},"end":{"line":16,"column":null}},"5":{"start":{"line":19,"column":2},"end":{"line":19,"column":null}},"6":{"start":{"line":22,"column":2},"end":{"line":22,"column":null}},"7":{"start":{"line":25,"column":2},"end":{"line":25,"column":null}},"8":{"start":{"line":28,"column":2},"end":{"line":28,"column":null}},"9":{"start":{"line":31,"column":2},"end":{"line":31,"column":null}},"10":{"start":{"line":34,"column":2},"end":{"line":34,"column":null}},"11":{"start":{"line":37,"column":2},"end":{"line":37,"column":null}},"12":{"start":{"line":40,"column":2},"end":{"line":40,"column":null}},"13":{"start":{"line":43,"column":2},"end":{"line":43,"column":null}},"14":{"start":{"line":46,"column":2},"end":{"line":46,"column":null}},"15":{"start":{"line":50,"column":2},"end":{"line":50,"column":null}},"16":{"start":{"line":48,"column":18},"end":{"line":48,"column":22}},"17":{"start":{"line":54,"column":2},"end":{"line":54,"column":null}},"18":{"start":{"line":52,"column":18},"end":{"line":52,"column":22}},"19":{"start":{"line":14,"column":13},"end":{"line":55,"column":null}},"20":{"start":{"line":14,"column":13},"end":{"line":14,"column":17}}},"fnMap":{"0":{"name":"(anonymous_2)","decl":{"start":{"line":48,"column":12},"end":{"line":48,"column":15}},"loc":{"start":{"line":48,"column":18},"end":{"line":48,"column":22}}},"1":{"name":"(anonymous_3)","decl":{"start":{"line":52,"column":12},"end":{"line":52,"column":15}},"loc":{"start":{"line":52,"column":18},"end":{"line":52,"column":22}}}},"branchMap":{},"s":{"0":2,"1":2,"2":2,"3":2,"4":2,"5":2,"6":2,"7":2,"8":2,"9":2,"10":2,"11":2,"12":2,"13":2,"14":2,"15":2,"16":0,"17":2,"18":0,"19":2,"20":2},"f":{"0":0,"1":0},"b":{}}
,"/home/huyen/Desktop/Code/React/CoderPushTest/tinder-clone/server/src/user/repository/like.repository.ts": {"path":"/home/huyen/Desktop/Code/React/CoderPushTest/tinder-clone/server/src/user/repository/like.repository.ts","statementMap":{"0":{"start":{"line":1,"column":0},"end":{"line":1,"column":55}},"1":{"start":{"line":3,"column":0},"end":{"line":3,"column":47}},"2":{"start":{"line":6,"column":0},"end":{"line":18,"column":null}},"3":{"start":{"line":8,"column":4},"end":{"line":16,"column":null}},"4":{"start":{"line":9,"column":27},"end":{"line":9,"column":37}},"5":{"start":{"line":10,"column":6},"end":{"line":10,"column":54}},"6":{"start":{"line":11,"column":6},"end":{"line":11,"column":66}},"7":{"start":{"line":12,"column":6},"end":{"line":12,"column":32}},"8":{"start":{"line":13,"column":6},"end":{"line":13,"column":26}},"9":{"start":{"line":15,"column":6},"end":{"line":15,"column":14}},"10":{"start":{"line":6,"column":13},"end":{"line":18,"column":null}},"11":{"start":{"line":6,"column":13},"end":{"line":6,"column":27}}},"fnMap":{"0":{"name":"(anonymous_1)","decl":{"start":{"line":7,"column":2},"end":{"line":7,"column":7}},"loc":{"start":{"line":7,"column":57},"end":{"line":17,"column":3}}}},"branchMap":{},"s":{"0":2,"1":2,"2":2,"3":0,"4":0,"5":0,"6":0,"7":0,"8":0,"9":0,"10":2,"11":2},"f":{"0":0},"b":{}}
,"/home/huyen/Desktop/Code/React/CoderPushTest/tinder-clone/server/src/user/repository/pass.respository.ts": {"path":"/home/huyen/Desktop/Code/React/CoderPushTest/tinder-clone/server/src/user/repository/pass.respository.ts","statementMap":{"0":{"start":{"line":1,"column":0},"end":{"line":1,"column":55}},"1":{"start":{"line":3,"column":0},"end":{"line":3,"column":47}},"2":{"start":{"line":6,"column":0},"end":{"line":18,"column":null}},"3":{"start":{"line":8,"column":4},"end":{"line":16,"column":null}},"4":{"start":{"line":9,"column":28},"end":{"line":9,"column":38}},"5":{"start":{"line":10,"column":6},"end":{"line":10,"column":56}},"6":{"start":{"line":11,"column":6},"end":{"line":11,"column":70}},"7":{"start":{"line":12,"column":6},"end":{"line":12,"column":33}},"8":{"start":{"line":13,"column":6},"end":{"line":13,"column":27}},"9":{"start":{"line":15,"column":6},"end":{"line":15,"column":14}},"10":{"start":{"line":6,"column":13},"end":{"line":18,"column":null}},"11":{"start":{"line":6,"column":13},"end":{"line":6,"column":27}}},"fnMap":{"0":{"name":"(anonymous_1)","decl":{"start":{"line":7,"column":2},"end":{"line":7,"column":7}},"loc":{"start":{"line":7,"column":59},"end":{"line":17,"column":3}}}},"branchMap":{},"s":{"0":2,"1":2,"2":2,"3":0,"4":0,"5":0,"6":0,"7":0,"8":0,"9":0,"10":2,"11":2},"f":{"0":0},"b":{}}
,"/home/huyen/Desktop/Code/React/CoderPushTest/tinder-clone/server/src/user/repository/user.repository.ts": {"path":"/home/huyen/Desktop/Code/React/CoderPushTest/tinder-clone/server/src/user/repository/user.repository.ts","statementMap":{"0":{"start":{"line":1,"column":0},"end":{"line":1,"column":55}},"1":{"start":{"line":2,"column":0},"end":{"line":2,"column":47}},"2":{"start":{"line":5,"column":0},"end":{"line":25,"column":null}},"3":{"start":{"line":7,"column":4},"end":{"line":23,"column":null}},"4":{"start":{"line":8,"column":19},"end":{"line":8,"column":29}},"5":{"start":{"line":9,"column":6},"end":{"line":9,"column":28}},"6":{"start":{"line":10,"column":6},"end":{"line":10,"column":34}},"7":{"start":{"line":11,"column":6},"end":{"line":11,"column":42}},"8":{"start":{"line":12,"column":6},"end":{"line":12,"column":40}},"9":{"start":{"line":13,"column":6},"end":{"line":13,"column":36}},"10":{"start":{"line":14,"column":6},"end":{"line":14,"column":34}},"11":{"start":{"line":15,"column":6},"end":{"line":15,"column":46}},"12":{"start":{"line":16,"column":6},"end":{"line":16,"column":48}},"13":{"start":{"line":17,"column":6},"end":{"line":17,"column":34}},"14":{"start":{"line":18,"column":6},"end":{"line":18,"column":38}},"15":{"start":{"line":19,"column":6},"end":{"line":19,"column":40}},"16":{"start":{"line":20,"column":6},"end":{"line":20,"column":24}},"17":{"start":{"line":22,"column":6},"end":{"line":22,"column":14}},"18":{"start":{"line":5,"column":13},"end":{"line":25,"column":null}},"19":{"start":{"line":5,"column":13},"end":{"line":5,"column":27}}},"fnMap":{"0":{"name":"(anonymous_1)","decl":{"start":{"line":6,"column":2},"end":{"line":6,"column":7}},"loc":{"start":{"line":6,"column":33},"end":{"line":24,"column":3}}}},"branchMap":{},"s":{"0":2,"1":2,"2":2,"3":0,"4":0,"5":0,"6":0,"7":0,"8":0,"9":0,"10":0,"11":0,"12":0,"13":0,"14":0,"15":0,"16":0,"17":0,"18":2,"19":2},"f":{"0":0},"b":{}}
}
