TN:
SF:src/user/user.controller.ts
FN:10,(anonymous_4)
FN:14,(anonymous_5)
FN:20,(anonymous_6)
FN:26,(anonymous_7)
FN:32,(anonymous_8)
FNF:5
FNH:5
FNDA:5,(anonymous_4)
FNDA:1,(anonymous_5)
FNDA:1,(anonymous_6)
FNDA:1,(anonymous_7)
FNDA:1,(anonymous_8)
DA:1,1
DA:2,1
DA:3,1
DA:4,1
DA:5,1
DA:9,1
DA:10,5
DA:14,1
DA:15,1
DA:20,1
DA:21,1
DA:26,1
DA:27,1
DA:32,1
DA:33,1
LF:15
LH:15
BRF:0
BRH:0
end_of_record
TN:
SF:src/user/user.service.ts
FN:19,(anonymous_4)
FN:29,(anonymous_5)
FN:38,(anonymous_6)
FN:58,(anonymous_7)
FN:81,(anonymous_8)
FN:91,(anonymous_9)
FN:116,(anonymous_10)
FN:142,(anonymous_11)
FN:150,(anonymous_12)
FNF:9
FNH:7
FNDA:19,(anonymous_4)
FNDA:4,(anonymous_5)
FNDA:3,(anonymous_6)
FNDA:1,(anonymous_7)
FNDA:2,(anonymous_8)
FNDA:5,(anonymous_9)
FNDA:5,(anonymous_10)
FNDA:0,(anonymous_11)
FNDA:0,(anonymous_12)
DA:1,2
DA:6,2
DA:7,2
DA:8,2
DA:13,2
DA:14,2
DA:15,2
DA:18,2
DA:21,19
DA:24,19
DA:27,19
DA:30,4
DA:31,4
DA:32,4
DA:34,0
DA:39,3
DA:40,3
DA:51,3
DA:52,2
DA:53,2
DA:54,1
DA:58,1
DA:59,1
DA:60,1
DA:61,1
DA:70,1
DA:71,1
DA:75,1
DA:77,1
DA:82,2
DA:83,2
DA:84,2
DA:85,1
DA:87,1
DA:92,5
DA:93,5
DA:94,5
DA:95,3
DA:96,1
DA:97,1
DA:99,3
DA:103,2
DA:104,2
DA:105,1
DA:108,1
DA:109,1
DA:110,1
DA:117,5
DA:118,5
DA:119,5
DA:120,3
DA:121,1
DA:122,1
DA:124,3
DA:128,2
DA:129,2
DA:130,1
DA:133,1
DA:134,1
DA:135,1
DA:143,0
DA:148,0
DA:151,0
DA:156,0
LF:64
LH:59
BRDA:32,0,0,2
BRDA:51,1,0,2
BRDA:53,2,0,1
BRDA:53,2,1,1
BRDA:84,3,0,1
BRDA:94,4,0,3
BRDA:94,4,1,2
BRDA:95,5,0,1
BRDA:104,6,0,1
BRDA:119,7,0,3
BRDA:119,7,1,2
BRDA:120,8,0,1
BRDA:129,9,0,1
BRF:13
BRH:13
end_of_record
TN:
SF:src/user/dto/update-like-user.dto.ts
FNF:0
FNH:0
DA:1,1
DA:2,1
DA:4,1
DA:7,1
DA:14,1
LF:5
LH:5
BRF:0
BRH:0
end_of_record
TN:
SF:src/user/dto/update-pass-user.dto.ts
FNF:0
FNH:0
DA:1,1
DA:2,1
DA:4,1
DA:7,1
DA:14,1
LF:5
LH:5
BRF:0
BRH:0
end_of_record
TN:
SF:src/user/entities/like.entity.ts
FN:12,(anonymous_2)
FN:12,(anonymous_3)
FNF:2
FNH:0
FNDA:0,(anonymous_2)
FNDA:0,(anonymous_3)
DA:1,2
DA:2,2
DA:5,2
DA:7,2
DA:10,2
DA:12,0
DA:13,2
LF:7
LH:6
BRF:0
BRH:0
end_of_record
TN:
SF:src/user/entities/pass.entity.ts
FN:12,(anonymous_2)
FN:12,(anonymous_3)
FNF:2
FNH:0
FNDA:0,(anonymous_2)
FNDA:0,(anonymous_3)
DA:1,2
DA:2,2
DA:5,2
DA:7,2
DA:10,2
DA:12,0
DA:13,2
LF:7
LH:6
BRF:0
BRH:0
end_of_record
TN:
SF:src/user/entities/user.entity.ts
FN:48,(anonymous_2)
FN:52,(anonymous_3)
FNF:2
FNH:0
FNDA:0,(anonymous_2)
FNDA:0,(anonymous_3)
DA:1,2
DA:10,2
DA:11,2
DA:14,2
DA:16,2
DA:19,2
DA:22,2
DA:25,2
DA:28,2
DA:31,2
DA:34,2
DA:37,2
DA:40,2
DA:43,2
DA:46,2
DA:48,0
DA:50,2
DA:52,0
DA:54,2
LF:19
LH:17
BRF:0
BRH:0
end_of_record
TN:
SF:src/user/repository/like.repository.ts
FN:7,(anonymous_1)
FNF:1
FNH:0
FNDA:0,(anonymous_1)
DA:1,2
DA:3,2
DA:6,2
DA:8,0
DA:9,0
DA:10,0
DA:11,0
DA:12,0
DA:13,0
DA:15,0
LF:10
LH:3
BRF:0
BRH:0
end_of_record
TN:
SF:src/user/repository/pass.respository.ts
FN:7,(anonymous_1)
FNF:1
FNH:0
FNDA:0,(anonymous_1)
DA:1,2
DA:3,2
DA:6,2
DA:8,0
DA:9,0
DA:10,0
DA:11,0
DA:12,0
DA:13,0
DA:15,0
LF:10
LH:3
BRF:0
BRH:0
end_of_record
TN:
SF:src/user/repository/user.repository.ts
FN:6,(anonymous_1)
FNF:1
FNH:0
FNDA:0,(anonymous_1)
DA:1,2
DA:2,2
DA:5,2
DA:7,0
DA:8,0
DA:9,0
DA:10,0
DA:11,0
DA:12,0
DA:13,0
DA:14,0
DA:15,0
DA:16,0
DA:17,0
DA:18,0
DA:19,0
DA:20,0
DA:22,0
LF:18
LH:3
BRF:0
BRH:0
end_of_record
